{"name": "Работа калькулятора", "status": "broken", "statusDetails": {"message": "selenium.common.exceptions.TimeoutException: Message: \nStacktrace:\n\tGetHandleVerifier [0x00007FF66260B5D2+29090]\n\t(No symbol) [0x00007FF66257E689]\n\t(No symbol) [0x00007FF66243B1CA]\n\t(No symbol) [0x00007FF66248EFD7]\n\t(No symbol) [0x00007FF66248F22C]\n\t(No symbol) [0x00007FF6624D97F7]\n\t(No symbol) [0x00007FF6624B672F]\n\t(No symbol) [0x00007FF6624D65D9]\n\t(No symbol) [0x00007FF6624B6493]\n\t(No symbol) [0x00007FF6624809B1]\n\t(No symbol) [0x00007FF662481B11]\n\tGetHandleVerifier [0x00007FF662928C5D+3295277]\n\tGetHandleVerifier [0x00007FF662974843+3605523]\n\tGetHandleVerifier [0x00007FF66296A707+3564247]\n\tGetHandleVerifier [0x00007FF6626C6EB6+797318]\n\t(No symbol) [0x00007FF66258980F]\n\t(No symbol) [0x00007FF6625853F4]\n\t(No symbol) [0x00007FF662585580]\n\t(No symbol) [0x00007FF662574A1F]\n\tBaseThreadInitThunk [0x00007FF8C67A257D+29]\n\tRtlUserThreadStart [0x00007FF8C8A2AF28+40]", "trace": "chrome_browser = <selenium.webdriver.chrome.webdriver.WebDriver (session=\"ae367352c11f0c2b5c38bc05790b6d2a\")>\n\n    @allure.severity(severity_level='normal')\n    @allure.title(\"Работа калькулятора\")\n    @allure.description(\"Поиск полей, ввод данных и вывод результата вычисления\")\n    @allure.feature('Тест 2')\n    def test_calculator(chrome_browser):\n        delay = 45\n        result = 15\n        keys_press = '7+8='\n        with allure.step(\"Открываем калькулятор, вводим значения и ожидаем результат\"):\n            calc = Calcpage(chrome_browser)\n            calc.open()\n            calc.set_delay(delay)\n            calc.input_text(keys_press)\n>           calc.wait_result(delay, result)\n\nHW_7\\Calculator\\Test\\Test_2.py:17: \n_ _ _ _ _ _ _ _ _ _ _ _ _ _ _ _ _ _ _ _ _ _ _ _ _ _ _ _ _ _ _ _ _ _ _ _ _ _ _ _ _ _ _ _ _ _ _ _ _ _ _ _ _ _ _ _ _ _ _ _ _ _ _ _ _ _ _ _ _ _ _ _ _ _ \n..\\Lesson_7\\Calculator\\Pages\\Calcpage.py:24: in wait_result\n    wainter.until(EC.text_to_be_present_in_element((By.CSS_SELECTOR, 'screen'), str(result)))\n_ _ _ _ _ _ _ _ _ _ _ _ _ _ _ _ _ _ _ _ _ _ _ _ _ _ _ _ _ _ _ _ _ _ _ _ _ _ _ _ _ _ _ _ _ _ _ _ _ _ _ _ _ _ _ _ _ _ _ _ _ _ _ _ _ _ _ _ _ _ _ _ _ _ \n\nself = <selenium.webdriver.support.wait.WebDriverWait (session=\"ae367352c11f0c2b5c38bc05790b6d2a\")>\nmethod = <function text_to_be_present_in_element.<locals>._predicate at 0x000001DBEC918220>, message = ''\n\n    def until(self, method: Callable[[D], Union[Literal[False], T]], message: str = \"\") -> T:\n        \"\"\"Calls the method provided with the driver as an argument until the \\\n        return value does not evaluate to ``False``.\n    \n        :param method: callable(WebDriver)\n        :param message: optional message for :exc:`TimeoutException`\n        :returns: the result of the last call to `method`\n        :raises: :exc:`selenium.common.exceptions.TimeoutException` if timeout occurs\n        \"\"\"\n        screen = None\n        stacktrace = None\n    \n        end_time = time.monotonic() + self._timeout\n        while True:\n            try:\n                value = method(self._driver)\n                if value:\n                    return value\n            except self._ignored_exceptions as exc:\n                screen = getattr(exc, \"screen\", None)\n                stacktrace = getattr(exc, \"stacktrace\", None)\n            time.sleep(self._poll)\n            if time.monotonic() > end_time:\n                break\n>       raise TimeoutException(message, screen, stacktrace)\nE       selenium.common.exceptions.TimeoutException: Message: \nE       Stacktrace:\nE       \tGetHandleVerifier [0x00007FF66260B5D2+29090]\nE       \t(No symbol) [0x00007FF66257E689]\nE       \t(No symbol) [0x00007FF66243B1CA]\nE       \t(No symbol) [0x00007FF66248EFD7]\nE       \t(No symbol) [0x00007FF66248F22C]\nE       \t(No symbol) [0x00007FF6624D97F7]\nE       \t(No symbol) [0x00007FF6624B672F]\nE       \t(No symbol) [0x00007FF6624D65D9]\nE       \t(No symbol) [0x00007FF6624B6493]\nE       \t(No symbol) [0x00007FF6624809B1]\nE       \t(No symbol) [0x00007FF662481B11]\nE       \tGetHandleVerifier [0x00007FF662928C5D+3295277]\nE       \tGetHandleVerifier [0x00007FF662974843+3605523]\nE       \tGetHandleVerifier [0x00007FF66296A707+3564247]\nE       \tGetHandleVerifier [0x00007FF6626C6EB6+797318]\nE       \t(No symbol) [0x00007FF66258980F]\nE       \t(No symbol) [0x00007FF6625853F4]\nE       \t(No symbol) [0x00007FF662585580]\nE       \t(No symbol) [0x00007FF662574A1F]\nE       \tBaseThreadInitThunk [0x00007FF8C67A257D+29]\nE       \tRtlUserThreadStart [0x00007FF8C8A2AF28+40]\n\nmy_venv\\Lib\\site-packages\\selenium\\webdriver\\support\\wait.py:105: TimeoutException"}, "description": "Поиск полей, ввод данных и вывод результата вычисления", "steps": [{"name": "Открываем калькулятор, вводим значения и ожидаем результат", "status": "broken", "statusDetails": {"message": "selenium.common.exceptions.TimeoutException: Message: \nStacktrace:\n\tGetHandleVerifier [0x00007FF66260B5D2+29090]\n\t(No symbol) [0x00007FF66257E689]\n\t(No symbol) [0x00007FF66243B1CA]\n\t(No symbol) [0x00007FF66248EFD7]\n\t(No symbol) [0x00007FF66248F22C]\n\t(No symbol) [0x00007FF6624D97F7]\n\t(No symbol) [0x00007FF6624B672F]\n\t(No symbol) [0x00007FF6624D65D9]\n\t(No symbol) [0x00007FF6624B6493]\n\t(No symbol) [0x00007FF6624809B1]\n\t(No symbol) [0x00007FF662481B11]\n\tGetHandleVerifier [0x00007FF662928C5D+3295277]\n\tGetHandleVerifier [0x00007FF662974843+3605523]\n\tGetHandleVerifier [0x00007FF66296A707+3564247]\n\tGetHandleVerifier [0x00007FF6626C6EB6+797318]\n\t(No symbol) [0x00007FF66258980F]\n\t(No symbol) [0x00007FF6625853F4]\n\t(No symbol) [0x00007FF662585580]\n\t(No symbol) [0x00007FF662574A1F]\n\tBaseThreadInitThunk [0x00007FF8C67A257D+29]\n\tRtlUserThreadStart [0x00007FF8C8A2AF28+40]\n\n", "trace": "  File \"C:\\Users\\dshle\\OneDrive\\Рабочий стол\\ДЗ 1\\DZ-1\\Lesson_10\\HW_7\\Calculator\\Test\\Test_2.py\", line 17, in test_calculator\n    calc.wait_result(delay, result)\n  File \"C:\\Users\\dshle\\OneDrive\\Рабочий стол\\ДЗ 1\\DZ-1\\Lesson_7\\Calculator\\Pages\\Calcpage.py\", line 24, in wait_result\n    wainter.until(EC.text_to_be_present_in_element((By.CSS_SELECTOR, 'screen'), str(result)))\n  File \"C:\\Users\\dshle\\OneDrive\\Рабочий стол\\ДЗ 1\\DZ-1\\Lesson_10\\my_venv\\Lib\\site-packages\\selenium\\webdriver\\support\\wait.py\", line 105, in until\n    raise TimeoutException(message, screen, stacktrace)\n"}, "start": 1725301464059, "stop": 1725301512694}], "start": 1725301464059, "stop": 1725301512694, "uuid": "c41ead16-e0bc-4aa3-9730-a27a695e3e33", "historyId": "229ff4495ec20b5b17b1d745be160610", "testCaseId": "229ff4495ec20b5b17b1d745be160610", "fullName": "HW_7.Calculator.Test.Test_2#test_calculator", "labels": [{"name": "severity", "value": "normal"}, {"name": "feature", "value": "Тест 2"}, {"name": "parentSuite", "value": "HW_7.Calculator.Test"}, {"name": "suite", "value": "Test_2"}, {"name": "host", "value": "SHIK"}, {"name": "thread", "value": "16572-MainThread"}, {"name": "framework", "value": "pytest"}, {"name": "language", "value": "cpython3"}, {"name": "package", "value": "HW_7.Calculator.Test.Test_2"}]}